<?xml version="1.0" encoding="UTF-8" ?>
<testsuite tests="1" failures="0" name="TestAspectApi" time="0.581" errors="1" skipped="0">
  <properties>
[...]
</properties>
  <testcase classname="TestAspectApi" name="testWaeaving" time="0.469">
    <error message="Unable to create injector, see the following errors:

1) No implementation for org.semanticweb.owlapi.model.OWLDataFactory was bound.
  while locating org.semanticweb.owlapi.model.OWLDataFactory
    for parameter 0 at uk.ac.manchester.cs.owl.owlapi.OWLOntologyManagerImpl.&lt;init&gt;(OWLOntologyManagerImpl.java:116)
  at de.fuberlin.csw.aspect_owlapi.OWLAPIImplModuleAspect.configure(OWLAPIImplModuleAspect.java:53)

2) No implementation for org.semanticweb.owlapi.model.OWLDataFactory was bound.
  at org.semanticweb.owlapi.OWLAPIParsersModule.provideManchesterSyntaxParser(OWLAPIParsersModule.java:50)

2 errors" type="com.google.inject.CreationException">com.google.inject.CreationException: Unable to create injector, see the following errors:

1) No implementation for org.semanticweb.owlapi.model.OWLDataFactory was bound.
  while locating org.semanticweb.owlapi.model.OWLDataFactory
    for parameter 0 at uk.ac.manchester.cs.owl.owlapi.OWLOntologyManagerImpl.&lt;init&gt;(OWLOntologyManagerImpl.java:116)
  at de.fuberlin.csw.aspect_owlapi.OWLAPIImplModuleAspect.configure(OWLAPIImplModuleAspect.java:53)

2) No implementation for org.semanticweb.owlapi.model.OWLDataFactory was bound.
  at org.semanticweb.owlapi.OWLAPIParsersModule.provideManchesterSyntaxParser(OWLAPIParsersModule.java:50)

2 errors
	at com.google.inject.internal.Errors.throwCreationExceptionIfErrorsExist(Errors.java:466)
	at com.google.inject.internal.InternalInjectorCreator.initializeStatically(InternalInjectorCreator.java:155)
	at com.google.inject.internal.InternalInjectorCreator.build(InternalInjectorCreator.java:107)
	at com.google.inject.Guice.createInjector(Guice.java:96)
	at com.google.inject.Guice.createInjector(Guice.java:73)
	at com.google.inject.Guice.createInjector(Guice.java:62)
	at de.fuberlin.csw.aspect_owlapi.OWLManagerAspect.createInjector(OWLManagerAspect.java:72)
	at de.fuberlin.csw.aspect_owlapi.OWLManagerAspect.instatiateOWLOntologyManager(OWLManagerAspect.java:80)
	at de.fuberlin.csw.aspect_owlapi.OWLManagerAspect.createOWLOntologyManager(OWLManagerAspect.java:40)
	at TestAspectApi.testWaeaving(TestAspectApi.java:52)
	at sun.reflect.NativeMethodAccessorImpl.invoke0(Native Method)
	at sun.reflect.NativeMethodAccessorImpl.invoke(NativeMethodAccessorImpl.java:62)
	at sun.reflect.DelegatingMethodAccessorImpl.invoke(DelegatingMethodAccessorImpl.java:43)
	at java.lang.reflect.Method.invoke(Method.java:497)
	at org.junit.runners.model.FrameworkMethod$1.runReflectiveCall(FrameworkMethod.java:50)
	at org.junit.internal.runners.model.ReflectiveCallable.run(ReflectiveCallable.java:12)
	at org.junit.runners.model.FrameworkMethod.invokeExplosively(FrameworkMethod.java:47)
	at org.junit.internal.runners.statements.InvokeMethod.evaluate(InvokeMethod.java:17)
	at org.junit.runners.ParentRunner.runLeaf(ParentRunner.java:325)
	at org.junit.runners.BlockJUnit4ClassRunner.runChild(BlockJUnit4ClassRunner.java:78)
	at org.junit.runners.BlockJUnit4ClassRunner.runChild(BlockJUnit4ClassRunner.java:57)
	at org.junit.runners.ParentRunner$3.run(ParentRunner.java:290)
	at org.junit.runners.ParentRunner$1.schedule(ParentRunner.java:71)
	at org.junit.runners.ParentRunner.runChildren(ParentRunner.java:288)
	at org.junit.runners.ParentRunner.access$000(ParentRunner.java:58)
	at org.junit.runners.ParentRunner$2.evaluate(ParentRunner.java:268)
	at org.junit.runners.ParentRunner.run(ParentRunner.java:363)
	at org.apache.maven.surefire.junit4.JUnit4TestSet.execute(JUnit4TestSet.java:53)
	at org.apache.maven.surefire.junit4.JUnit4Provider.executeTestSet(JUnit4Provider.java:123)
	at org.apache.maven.surefire.junit4.JUnit4Provider.invoke(JUnit4Provider.java:104)
	at sun.reflect.NativeMethodAccessorImpl.invoke0(Native Method)
	at sun.reflect.NativeMethodAccessorImpl.invoke(NativeMethodAccessorImpl.java:62)
	at sun.reflect.DelegatingMethodAccessorImpl.invoke(DelegatingMethodAccessorImpl.java:43)
	at java.lang.reflect.Method.invoke(Method.java:497)
	at org.apache.maven.surefire.util.ReflectionUtils.invokeMethodWithArray(ReflectionUtils.java:164)
	at org.apache.maven.surefire.booter.ProviderFactory$ProviderProxy.invoke(ProviderFactory.java:110)
	at org.apache.maven.surefire.booter.SurefireStarter.invokeProvider(SurefireStarter.java:175)
	at org.apache.maven.surefire.booter.SurefireStarter.runSuitesInProcessWhenForked(SurefireStarter.java:107)
	at org.apache.maven.surefire.booter.ForkedBooter.main(ForkedBooter.java:68)
</error>
    <system-err>SLF4J: Failed to load class &quot;org.slf4j.impl.StaticLoggerBinder&quot;.
SLF4J: Defaulting to no-operation (NOP) logger implementation
SLF4J: See http://www.slf4j.org/codes.html#StaticLoggerBinder for further details.
</system-err>
  </testcase>
</testsuite>